<?xml version="1.0" encoding="UTF-8"?>
<!-- Generated by org.testng.reporters.JUnitReportReporter -->
<testsuite hostname="IXEDLAP00448" failures="0" tests="1" name="Automation_Project.Internal.Test1" time="15.171" errors="0" timestamp="2025-04-05T11:27:09 IST" skipped="0">
  <testcase classname="Automation_Project.Internal.Test1" name="testContactUsLink" time="15.171"/>
  <system-out/>
</testsuite> <!-- Automation_Project.Internal.Test1 -->
